

Microchip MPLAB XC8 Assembler V2.40 build 20220703182018 
                                                                                               Sat Mar 11 16:45:38 2023

Microchip MPLAB XC8 C Compiler v2.40 (Free license) build 20220703182018 Og1 
     1                           	processor	18F46J50
     2                           	fnconf	rparam,??,?,0
     3                           	pagewidth 120
     4                           	opt	flic
     5                           	psect	cinit,global,reloc=2,class=CODE,delta=1
     6                           	psect	cstackCOMRAM,global,class=COMRAM,space=1,delta=1,lowdata,noexec
     7                           	psect	text0,global,reloc=2,class=CODE,delta=1
     8                           	psect	intsave_regs,global,class=BIGRAM,space=1,delta=1,noexec
     9                           	psect	rparam,global,class=COMRAM,space=1,delta=1,noexec
    10                           	psect	config,global,abs,ovrld,class=CONFIG,space=4,delta=1,noexec
    11   000000                     
    12                           ; Version 2.40
    13                           ; Generated 17/11/2021 GMT
    14                           ; 
    15                           ; Copyright © 2021, Microchip Technology Inc. and its subsidiaries ("Microchip")
    16                           ; All rights reserved.
    17                           ; 
    18                           ; This software is developed by Microchip Technology Inc. and its subsidiaries ("Microch
      +                          ip").
    19                           ; 
    20                           ; Redistribution and use in source and binary forms, with or without modification, are
    21                           ; permitted provided that the following conditions are met:
    22                           ; 
    23                           ;     1. Redistributions of source code must retain the above copyright notice, this lis
      +                          t of
    24                           ;        conditions and the following disclaimer.
    25                           ; 
    26                           ;     2. Redistributions in binary form must reproduce the above copyright notice, this 
      +                          list
    27                           ;        of conditions and the following disclaimer in the documentation and/or other
    28                           ;        materials provided with the distribution. Publication is not required when
    29                           ;        this file is used in an embedded application.
    30                           ; 
    31                           ;     3. Microchip's name may not be used to endorse or promote products derived from th
      +                          is
    32                           ;        software without specific prior written permission.
    33                           ; 
    34                           ; THIS SOFTWARE IS PROVIDED BY MICROCHIP "AS IS" AND ANY EXPRESS OR IMPLIED WARRANTIES,
    35                           ; INCLUDING, BUT NOT LIMITED TO, THE IMPLIED WARRANTIES OF MERCHANTABILITY AND FITNESS F
      +                          OR
    36                           ; PURPOSE ARE DISCLAIMED.  IN NO EVENT SHALL MICROCHIP BE LIABLE FOR ANY DIRECT, INDIREC
      +                          T,
    37                           ; INCIDENTAL, SPECIAL, EXEMPLARY, OR CONSEQUENTIAL DAMAGES (INCLUDING BUT NOT LIMITED TO
    38                           ; PROCUREMENT OF SUBSTITUTE GOODS OR SERVICES; LOSS OF USE, DATA OR PROFITS; OR BUSINESS
    39                           ; INTERRUPTION) HOWSOEVER CAUSED AND ON ANY THEORY OF LIABILITY, WHETHER IN CONTRACT, ST
      +                          RICT
    40                           ; LIABILITY, OR TORT (INCLUDING NEGLIGENCE OR OTHERWISE) ARISING IN ANY WAY OUT OF THE U
      +                          SE OF
    41                           ; THIS SOFTWARE, EVEN IF ADVISED OF THE POSSIBILITY OF SUCH DAMAGE.
    42                           ; 
    43                           ; 
    44                           ; Code-generator required, PIC18F46J50 Definitions
    45                           ; 
    46                           ; SFR Addresses
    47   000000                     _PORTC	set	3970
    48   000000                     _TRISC	set	3988
    49   000000                     _TRISD	set	3989
    50   000000                     _PORTD	set	3971
    51                           
    52                           ; #config settings
    53                           
    54                           	psect	cinit
    55   00FF88                     __pcinit:
    56                           	callstack 0
    57   00FF88                     start_initialization:
    58                           	callstack 0
    59   00FF88                     __initialization:
    60                           	callstack 0
    61   00FF88                     end_of_initialization:
    62                           	callstack 0
    63   00FF88                     __end_of__initialization:
    64                           	callstack 0
    65   00FF88  0100               	movlb	0
    66   00FF8A  EFC7  F07F         	goto	_main	;jump to C main() function
    67                           
    68                           	psect	cstackCOMRAM
    69   000001                     __pcstackCOMRAM:
    70                           	callstack 0
    71   000001                     ??_main:
    72                           
    73                           ; 1 bytes @ 0x0
    74   000001                     	ds	1
    75   000002                     main@i:
    76                           	callstack 0
    77                           
    78                           ; 2 bytes @ 0x1
    79   000002                     	ds	2
    80                           
    81 ;;
    82 ;;Main: autosize = 0, tempsize = 1, incstack = 0, save=0
    83 ;;
    84 ;; *************** function _main *****************
    85 ;; Defined at:
    86 ;;		line 13 in file "newmain.c"
    87 ;; Parameters:    Size  Location     Type
    88 ;;		None
    89 ;; Auto vars:     Size  Location     Type
    90 ;;  i               2    1[COMRAM] int 
    91 ;; Return value:  Size  Location     Type
    92 ;;                  1    wreg      void 
    93 ;; Registers used:
    94 ;;		wreg, status,2, status,0
    95 ;; Tracked objects:
    96 ;;		On entry : 0/0
    97 ;;		On exit  : 0/0
    98 ;;		Unchanged: 0/0
    99 ;; Data sizes:     COMRAM   BANK0   BANK1   BANK2   BANK3   BANK4   BANK5   BANK6   BANK7   BANK8   BANK9  BANK10  BANK1
      +1  BANK12  BANK13  BANK14
   100 ;;      Params:         0       0       0       0       0       0       0       0       0       0       0       0       
      +0       0       0       0
   101 ;;      Locals:         2       0       0       0       0       0       0       0       0       0       0       0       
      +0       0       0       0
   102 ;;      Temps:          1       0       0       0       0       0       0       0       0       0       0       0       
      +0       0       0       0
   103 ;;      Totals:         3       0       0       0       0       0       0       0       0       0       0       0       
      +0       0       0       0
   104 ;;Total ram usage:        3 bytes
   105 ;; This function calls:
   106 ;;		Nothing
   107 ;; This function is called by:
   108 ;;		Startup code after reset
   109 ;; This function uses a non-reentrant model
   110 ;;
   111                           
   112                           	psect	text0
   113   00FF8E                     __ptext0:
   114                           	callstack 0
   115   00FF8E                     _main:
   116                           	callstack 31
   117   00FF8E                     
   118                           ;newmain.c: 18:   TRISC = 0x00;
   119   00FF8E  0E00               	movlw	0
   120   00FF90  6E94               	movwf	148,c	;volatile
   121                           
   122                           ;newmain.c: 20:   TRISD = 0x00;
   123   00FF92  0E00               	movlw	0
   124   00FF94  6E95               	movwf	149,c	;volatile
   125                           
   126                           ;newmain.c: 24:   PORTC = 0x00;
   127   00FF96  0E00               	movlw	0
   128   00FF98  6E82               	movwf	130,c	;volatile
   129                           
   130                           ;newmain.c: 27:   PORTD = 0x00;
   131   00FF9A  0E00               	movlw	0
   132   00FF9C  6E83               	movwf	131,c	;volatile
   133   00FF9E                     l15:
   134                           
   135                           ;newmain.c: 30:   {;newmain.c: 31:       for(int i = 0; i < 200;i++){
   136   00FF9E  0E00               	movlw	0
   137   00FFA0  6E03               	movwf	(main@i+1)^0,c
   138   00FFA2  0E00               	movlw	0
   139   00FFA4  6E02               	movwf	main@i^0,c
   140   00FFA6                     l702:
   141                           
   142                           ;newmain.c: 33:           PORTC |= 0x02;
   143   00FFA6  8282               	bsf	130,1,c	;volatile
   144   00FFA8                     
   145                           ;newmain.c: 36:           PORTD |= 0xFF;
   146   00FFA8  6883               	setf	131,c	;volatile
   147   00FFAA                     
   148                           ;newmain.c: 37:           _delay((unsigned long)((5)*(4000000/4000.0)));
   149   00FFAA  0E07               	movlw	7
   150   00FFAC  6E01               	movwf	??_main^0,c
   151   00FFAE  0E7D               	movlw	125
   152   00FFB0                     u27:
   153   00FFB0  2EE8               	decfsz	wreg,f,c
   154   00FFB2  D7FE               	bra	u27
   155   00FFB4  2E01               	decfsz	??_main^0,f,c
   156   00FFB6  D7FC               	bra	u27
   157   00FFB8  F000               	nop	
   158   00FFBA                     
   159                           ;newmain.c: 39:           PORTC &= ~0x02;
   160   00FFBA  9282               	bcf	130,1,c	;volatile
   161   00FFBC                     
   162                           ;newmain.c: 42:           PORTD &= ~0xFF;
   163   00FFBC  0E00               	movlw	0
   164   00FFBE  6E83               	movwf	131,c	;volatile
   165   00FFC0                     
   166                           ;newmain.c: 43:           _delay((unsigned long)((5)*(4000000/4000.0)));
   167   00FFC0  0E07               	movlw	7
   168   00FFC2  6E01               	movwf	??_main^0,c
   169   00FFC4  0E7D               	movlw	125
   170   00FFC6                     u37:
   171   00FFC6  2EE8               	decfsz	wreg,f,c
   172   00FFC8  D7FE               	bra	u37
   173   00FFCA  2E01               	decfsz	??_main^0,f,c
   174   00FFCC  D7FC               	bra	u37
   175   00FFCE  F000               	nop	
   176   00FFD0                     
   177                           ;newmain.c: 45:       }
   178   00FFD0  4A02               	infsnz	main@i^0,f,c
   179   00FFD2  2A03               	incf	(main@i+1)^0,f,c
   180   00FFD4  BE03               	btfsc	(main@i+1)^0,7,c
   181   00FFD6  EFF6  F07F         	goto	u11
   182   00FFDA  5003               	movf	(main@i+1)^0,w,c
   183   00FFDC  E109               	bnz	u10
   184   00FFDE  0EC8               	movlw	200
   185   00FFE0  5C02               	subwf	main@i^0,w,c
   186   00FFE2  A0D8               	btfss	status,0,c
   187   00FFE4  EFF6  F07F         	goto	u11
   188   00FFE8  EFF8  F07F         	goto	u10
   189   00FFEC                     u11:
   190   00FFEC  EFD3  F07F         	goto	l702
   191   00FFF0                     u10:
   192   00FFF0  EFCF  F07F         	goto	l15
   193   00FFF4  EF00  F000         	goto	start
   194   00FFF8                     __end_of_main:
   195                           	callstack 0
   196   000000                     
   197                           	psect	rparam
   198   000000                     
   199                           	psect	config
   200                           
   201                           ;Config register CONFIG1L @ 0xFFF8
   202                           ;	Watchdog Timer
   203                           ;	WDTEN = OFF, Disabled - Controlled by SWDTEN bit
   204                           ;	PLL Prescaler Selection bits
   205                           ;	PLLDIV = 2, Divide by 2 (8 MHz oscillator input)
   206                           ;	Stack Overflow/Underflow Reset
   207                           ;	STVREN = OFF, Disabled
   208                           ;	Extended Instruction Set
   209                           ;	XINST = OFF, Disabled
   210                           ;	Background Debug
   211                           ;	DEBUG = 0x1, unprogrammed default
   212   00FFF8                     	org	65528
   213   00FFF8  8C                 	db	140
   214                           
   215                           ;Config register CONFIG1H @ 0xFFF9
   216                           ;	CPU System Clock Postscaler
   217                           ;	CPUDIV = OSC4_PLL6, CPU system clock divide by 6
   218                           ;	Code Protect
   219                           ;	CP0 = ON, Program memory is code-protected
   220   00FFF9                     	org	65529
   221   00FFF9  F0                 	db	240
   222                           
   223                           ;Config register CONFIG2L @ 0xFFFA
   224                           ;	Oscillator
   225                           ;	OSC = INTOSC, INTOSC
   226                           ;	T1OSCEN Enforcement
   227                           ;	T1DIG = OFF, Secondary Oscillator clock source may not be selected
   228                           ;	Low-Power Timer1 Oscillator
   229                           ;	LPT1OSC = OFF, High-power operation
   230                           ;	Fail-Safe Clock Monitor
   231                           ;	FCMEN = OFF, Disabled
   232                           ;	Internal External Oscillator Switch Over Mode
   233                           ;	IESO = OFF, Disabled
   234   00FFFA                     	org	65530
   235   00FFFA  10                 	db	16
   236                           
   237                           ;Config register CONFIG2H @ 0xFFFB
   238                           ;	Watchdog Postscaler
   239                           ;	WDTPS = 1, 1:1
   240   00FFFB                     	org	65531
   241   00FFFB  F0                 	db	240
   242                           
   243                           ;Config register CONFIG3L @ 0xFFFC
   244                           ;	DSWDT Clock Select
   245                           ;	DSWDTOSC = T1OSCREF, DSWDT uses T1OSC/T1CKI
   246                           ;	RTCC Clock Select
   247                           ;	RTCOSC = INTOSCREF, RTCC uses INTRC
   248                           ;	Deep Sleep BOR
   249                           ;	DSBOREN = OFF, Disabled
   250                           ;	Deep Sleep Watchdog Timer
   251                           ;	DSWDTEN = OFF, Disabled
   252                           ;	Deep Sleep Watchdog Postscaler
   253                           ;	DSWDTPS = 2, 1:2 (2.1 ms)
   254   00FFFC                     	org	65532
   255   00FFFC  00                 	db	0
   256                           
   257                           ;Config register CONFIG3H @ 0xFFFD
   258                           ;	IOLOCK One-Way Set Enable bit
   259                           ;	IOL1WAY = OFF, The IOLOCK bit (PPSCON<0>) can be set and cleared as needed
   260                           ;	MSSP address masking
   261                           ;	MSSP7B_EN = MSK5, 5 Bit address masking mode
   262   00FFFD                     	org	65533
   263   00FFFD  F0                 	db	240
   264                           
   265                           ;Config register CONFIG4L @ 0xFFFE
   266                           ;	Write/Erase Protect Page Start/End Location
   267                           ;	WPFP = PAGE_0, Write Protect Program Flash Page 0
   268                           ;	Write/Erase Protect Region Select (valid when WPDIS = 0)
   269                           ;	WPEND = PAGE_0, Page 0 through WPFP<5:0> erase/write protected
   270                           ;	Write/Erase Protect Configuration Region
   271                           ;	WPCFG = ON, Configuration Words page erase/write-protected
   272   00FFFE                     	org	65534
   273   00FFFE  00                 	db	0
   274                           
   275                           ;Config register CONFIG4H @ 0xFFFF
   276                           ;	Write Protect Disable bit
   277                           ;	WPDIS = ON, WPFP<5:0>/WPEND region erase/write protected
   278   00FFFF                     	org	65535
   279   00FFFF  F0                 	db	240
   280                           tosu	equ	0xFFF
   281                           tosh	equ	0xFFE
   282                           tosl	equ	0xFFD
   283                           stkptr	equ	0xFFC
   284                           pclatu	equ	0xFFB
   285                           pclath	equ	0xFFA
   286                           pcl	equ	0xFF9
   287                           tblptru	equ	0xFF8
   288                           tblptrh	equ	0xFF7
   289                           tblptrl	equ	0xFF6
   290                           tablat	equ	0xFF5
   291                           prodh	equ	0xFF4
   292                           prodl	equ	0xFF3
   293                           indf0	equ	0xFEF
   294                           postinc0	equ	0xFEE
   295                           postdec0	equ	0xFED
   296                           preinc0	equ	0xFEC
   297                           plusw0	equ	0xFEB
   298                           fsr0h	equ	0xFEA
   299                           fsr0l	equ	0xFE9
   300                           wreg	equ	0xFE8
   301                           indf1	equ	0xFE7
   302                           postinc1	equ	0xFE6
   303                           postdec1	equ	0xFE5
   304                           preinc1	equ	0xFE4
   305                           plusw1	equ	0xFE3
   306                           fsr1h	equ	0xFE2
   307                           fsr1l	equ	0xFE1
   308                           bsr	equ	0xFE0
   309                           indf2	equ	0xFDF
   310                           postinc2	equ	0xFDE
   311                           postdec2	equ	0xFDD
   312                           preinc2	equ	0xFDC
   313                           plusw2	equ	0xFDB
   314                           fsr2h	equ	0xFDA
   315                           fsr2l	equ	0xFD9
   316                           status	equ	0xFD8

Data Sizes:
    Strings     0
    Constant    0
    Data        0
    BSS         0
    Persistent  0
    Stack       0

Auto Spaces:
    Space          Size  Autos    Used
    COMRAM           95      3       3
    BANK0           160      0       0
    BANK1           256      0       0
    BANK2           256      0       0
    BANK3           256      0       0
    BANK4           256      0       0
    BANK5           256      0       0
    BANK6           256      0       0
    BANK7           256      0       0
    BANK8           256      0       0
    BANK9           256      0       0
    BANK10          256      0       0
    BANK11          256      0       0
    BANK12          256      0       0
    BANK13          256      0       0
    BANK14          192      0       0

Pointer List with Targets:

    None.

Critical Paths under _main in COMRAM

    None.

Critical Paths under _main in BANK0

    None.

Critical Paths under _main in BANK1

    None.

Critical Paths under _main in BANK2

    None.

Critical Paths under _main in BANK3

    None.

Critical Paths under _main in BANK4

    None.

Critical Paths under _main in BANK5

    None.

Critical Paths under _main in BANK6

    None.

Critical Paths under _main in BANK7

    None.

Critical Paths under _main in BANK8

    None.

Critical Paths under _main in BANK9

    None.

Critical Paths under _main in BANK10

    None.

Critical Paths under _main in BANK11

    None.

Critical Paths under _main in BANK12

    None.

Critical Paths under _main in BANK13

    None.

Critical Paths under _main in BANK14

    None.

Call Graph Tables:

 ---------------------------------------------------------------------------------
 (Depth) Function   	        Calls       Base Space   Used Autos Params    Refs
 ---------------------------------------------------------------------------------
 (0) _main                                                 3     3      0      30
                                              0 COMRAM     3     3      0
 ---------------------------------------------------------------------------------
 Estimated maximum stack depth 0
 ---------------------------------------------------------------------------------

 Call Graph Graphs:

 _main (ROOT)

 Address spaces:
Name               Size   Autos  Total    Cost      Usage
BITCOMRAM           5F      0       0       0        0.0%
NULL                 0      0       0       0        0.0%
CODE                 0      0       0       0        0.0%
COMRAM              5F      3       3       1        3.2%
STACK                0      0       0       2        0.0%
DATA                 0      0       0       3        0.0%
BITBANK0            A0      0       0       4        0.0%
BANK0               A0      0       0       5        0.0%
BITBANK1           100      0       0       6        0.0%
BANK1              100      0       0       7        0.0%
BITBANK2           100      0       0       8        0.0%
BANK2              100      0       0       9        0.0%
BITBANK3           100      0       0      10        0.0%
BANK3              100      0       0      11        0.0%
BITBANK4           100      0       0      12        0.0%
BANK4              100      0       0      13        0.0%
BITBANK5           100      0       0      14        0.0%
BANK5              100      0       0      15        0.0%
BITBANK6           100      0       0      16        0.0%
BANK6              100      0       0      17        0.0%
BITBANK7           100      0       0      18        0.0%
BANK7              100      0       0      19        0.0%
BITBANK8           100      0       0      20        0.0%
BANK8              100      0       0      21        0.0%
BITBANK9           100      0       0      22        0.0%
BANK9              100      0       0      23        0.0%
BITBANK10          100      0       0      24        0.0%
BANK10             100      0       0      25        0.0%
BITBANK11          100      0       0      26        0.0%
BANK11             100      0       0      27        0.0%
BITBANK12          100      0       0      28        0.0%
BANK12             100      0       0      29        0.0%
BITBANK13          100      0       0      30        0.0%
BANK13             100      0       0      31        0.0%
BITBANK14           C0      0       0      32        0.0%
BANK14              C0      0       0      33        0.0%
BITBIGSFRh          6A      0       0      34        0.0%
BITBIGSFRlh         10      0       0      35        0.0%
BITBIGSFRll         C2      0       0      36        0.0%
ABS                  0      0       0      37        0.0%
BIGRAM             EBF      0       0      38        0.0%
BIGSFR               0      0       0     200        0.0%
BITSFR_2             0      0       0     200        0.0%
SFR_2                0      0       0     200        0.0%
BITSFR_1             0      0       0     200        0.0%
SFR_1                0      0       0     200        0.0%
BITSFR               0      0       0     200        0.0%
SFR                  0      0       0     200        0.0%


Microchip Technology PIC18 Macro Assembler V2.40 build 20220703182018 
Symbol Table                                                                                   Sat Mar 11 16:45:38 2023

                     l15 FF9E                       u10 FFF0                       u11 FFEC  
                     u27 FFB0                       u37 FFC6                      l710 FFBC  
                    l702 FFA6                      l712 FFC0                      l704 FFA8  
                    l714 FFD0                      l706 FFAA                      l716 FFD4  
                    l708 FFBA                      l696 FF8E                      wreg 000FE8  
                   _main FF8E                     start 0000             ___param_bank 000000  
                  ?_main 0001                    _PORTC 000F82                    _PORTD 000F83  
                  _TRISC 000F94                    _TRISD 000F95                    main@i 0002  
                  status 000FD8          __initialization FF88             __end_of_main FFF8  
                 ??_main 0001            __activetblptr 000000                   isa$std 000001  
             __accesstop 0060  __end_of__initialization FF88            ___rparam_used 000001  
         __pcstackCOMRAM 0001                  __Hparam 0000                  __Lparam 0000  
                __pcinit FF88                  __ramtop 1000                  __ptext0 FF8E  
   end_of_initialization FF88      start_initialization FF88                 __Hrparam 0000  
               __Lrparam 0000                 isa$xinst 000000  
